<?xml version="1.0" encoding="UTF-8"?>
<!-- Generated by org.testng.reporters.JUnitReportReporter -->
<testsuite hostname="DESKTOP-LV7S50S" failures="0" tests="1" name="testbhavin.Runner" time="8.377" errors="0" timestamp="2024-04-01T17:51:03 IST" skipped="0">
  <testcase classname="testbhavin.Runner" name="theUserIsOnLoginPage" time="8.377"/>
  <system-out/>
</testsuite> <!-- testbhavin.Runner -->
